<!DOCTYPE html>
<html>
<head>
  <title>Test Results - CHROME 98.0.4758.102  </title>

  <style>
    html, body {
      font-family: Arial,sans-serif;
      margin: 0;
      padding: 0;
    }

    body { padding: 10px 40px; }

    table { width: 100%; margin-bottom: 20px; }

      td {
        padding: 7px;
        border-top: none;
        border-left: 1px black solid;
        border-bottom: 1px black solid;
        border-right: none;
      }

      td.pass { color: #003b07; background: #86e191; }
      td.skip { color: #7d3a00; background: #ffd24a; }
      td.fail { color: #5e0e00; background: #ff9c8a; }

    tr:last-child       { border-top: 1px black solid; }
      tr:last-child td    { border-top: 1px black solid; }
      tr:first-child td   { border-top: 1px black solid; }
        td:last-child       { border-right: 1px black solid; }

    tr.overview td      { padding-bottom: 0px; border-bottom: none; }
    tr.overview.last td { padding-bottom: 3px; }

    ul.assertions   { list-style-type: none; }
      span.error      { color: #AD2B2B; }
      span.success    { color: #53891E; }

    .stacktrace { display: inline; }
      .stacktrace code { display: none; }

    #nightwatch-logo {
      position: absolute;
      top: 20px;
      right: 33px;
      width: 70px;
      height: 75px;
      background: transparent url('http://nightwatchjs.org/img/logo-nightwatch.png') no-repeat;
      background-size: 70px 75px;
    }
  </style>
</head>

<body>
  <h1>Test Results</h1>

  <table border="0" cellpadding="0" cellspacing="0">
    <tr class="overview">
      <td colspan="3" title="CHROME 98.0.4758.102  "><strong>Browser:</strong> CHROME 98.0.4758.102  </td>
    </tr>
    <tr class="overview">
      <td colspan="3"><strong>Timestamp:</strong> Mon Mar 07 2022 04:16:55 GMT-0500 (hora estÃ¡ndar de Colombia)</td>
    </tr>
    <tr class="overview last">
      <td colspan="3"><strong>Tests:</strong> 12<br></td>
    </tr>
    <tr>
      <td class="pass"><strong>8</strong> passed</td>
      <td class="skip"><strong>0</strong> errors</td>
      <td class="fail"><strong>4</strong> failures</td>
    </tr>
  </table>

      <h2>google\google</h2>

        <h3>Demo test Google</h3>
        <ul class="assertions">
            <li>
                <span class="success">&#10004;</span>

              Element &lt;body&gt; was visible after 38 milliseconds.


            </li>
        </ul>

        <p>
            <span class="success"><strong>OK.</strong></span>
            <span class="success"><strong>1</strong></span> assertions passed. (0.3850s)
        </p>


      <hr>
      <h2>nightwatch\nightwatch</h2>

        <h3>Nightwatch page</h3>
        <ul class="assertions">
            <li>
                <span class="error">&#10006;</span>

              nightwatch.navigate(...).useXpath(...).click(...).useCss(...).click(...).sendKeys(...).click(...).assert.containsText(...).assert.visible(...).click(...).assert.attributeContains(...).moveTo is not a function

                expected &quot;undefined&quot; but got: &quot;undefined&quot;

            </li>
        </ul>

        <p>
            <span class="error"><strong>FAILED:</strong></span>
            <span class="error"><strong>1</strong></span> assertions failed and
            <span class="success"><strong>0</span></strong> passed. (0.04000s)
        </p>


      <hr>
      <h2>secondAssertScript</h2>

        <h3>Demo test unosquare</h3>
        <ul class="assertions">
            <li>
                <span class="success">&#10004;</span>

              Testing if element [0;33m&lt;#expect-assertions &gt; span&gt;[0m contains text [0;33m&#x27;assert&#x27;[0m [0;90m(41ms)[0m


            </li>
            <li>
                <span class="success">&#10004;</span>

              Testing if element [0;33m&lt;#navbartop &gt; ul &gt; li:nth-child(3) &gt; a&gt;[0m is visible [0;90m(55ms)[0m


            </li>
            <li>
                <span class="success">&#10004;</span>

              Testing if attribute [0;33m&#x27;svgicon&#x27;[0m of element [0;33m&lt;#navbartop &gt; ul &gt; li:nth-child(6) &gt; a &gt; mat-icon&gt;[0m contains [0;33m&#x27;logos:github&#x27;[0m [0;90m(27ms)[0m


            </li>
            <li>
                <span class="success">&#10004;</span>

              Testing if the URL contains [0;33m&#x27;blog&#x27;[0m [0;90m(25ms)[0m


            </li>
            <li>
                <span class="success">&#10004;</span>

              Testing if element [0;33m&lt;.address&gt;[0m contains text [0;33m&#x27;Nightwatch.js was initially created in Oslo, Norway by Pineview.io â€“ an independent software consultancy; it is now being maintained at BrowserStack with help from all our contributors.&#x27;[0m [0;90m(40ms)[0m


            </li>
        </ul>

        <p>
            <span class="success"><strong>OK.</strong></span>
            <span class="success"><strong>5</strong></span> assertions passed. (8.020s)
        </p>


      <hr>
      <h2>unosquare\unosquare</h2>

        <h3>Demo test unosquare</h3>
        <ul class="assertions">
            <li>
                <span class="error">&#10006;</span>

              browser.windowMaximize(...).navigate is not a function

                expected &quot;undefined&quot; but got: &quot;undefined&quot;

            </li>
        </ul>

        <p>
            <span class="error"><strong>FAILED:</strong></span>
            <span class="error"><strong>1</strong></span> assertions failed and
            <span class="success"><strong>0</span></strong> passed. (0.03400s)
        </p>


      <hr>
      <h2>unosquare\unosquare_contact</h2>

        <h3>test pages validation</h3>
        <ul class="assertions">
            <li>
                <span class="error">&#10006;</span>

              Timed out while waiting for element &lt;li a[href &#x3D; &#x27;/ContactUs&#x27;]&gt; to be visible for 5000 milliseconds. - expected [0;32m&quot;visible&quot;[0m but got: [0;31m&quot;not visible&quot;[0m [0;90m(5250ms)[0m

                Expected &quot;visible&quot; but got: &quot;not visible&quot;

            </li>
        </ul>

        <p>
            <span class="error"><strong>FAILED:</strong></span>
            <span class="error"><strong>1</strong></span> assertions failed and
            <span class="success"><strong>0</span></strong> passed. (7.154s)
        </p>


      <hr>
      <h2>unosquare\unosquare_v2</h2>

        <h3>test unosquare contactUs</h3>
        <ul class="assertions">
            <li>
                <span class="success">&#10004;</span>

              Element &lt;body&gt; was visible after 28 milliseconds.


            </li>
        </ul>

        <p>
            <span class="success"><strong>OK.</strong></span>
            <span class="success"><strong>1</strong></span> assertions passed. (4.108s)
        </p>
        <h3>test unosquare V2</h3>
        <ul class="assertions">
            <li>
                <span class="success">&#10004;</span>

              Element &lt;body&gt; was visible after 26 milliseconds.


            </li>
            <li>
                <span class="error">&#10006;</span>

              Testing if element [0;33m&lt;Element [name&#x3D;@aboutMenu]&gt;[0m has css property [0;33m&#x27;font-size[0m: [0;33m12px&#x27;[0m in 5000ms - expected [0;32m&quot;12px&quot;[0m but got: [0;31m&quot;11px&quot;[0m [0;90m(5362ms)[0m

                Expected &quot;12px&quot; but got: &quot;11px&quot;

            </li>
        </ul>

        <p>
            <span class="error"><strong>FAILED:</strong></span>
            <span class="error"><strong>1</strong></span> assertions failed and
            <span class="success"><strong>1</span></strong> passed. (9.093s)
        </p>


      <hr>

  <div id="nightwatch-logo"></div>

  <script src="https://code.jquery.com/jquery-2.1.4.min.js"></script>
  <script>
  $(function() {
    $('div.stacktrace').on('click', 'a', function(evt) {
      evt.preventDefault();

      var $link = $(this);
      var $code = $link.parent().find('code');

      $code.is(':visible') ? $link.text('hide stacktrace'):
                             $link.text('view stacktrace');

      $code.toggle();
    });
  });
  </script>
</body>
</html>